TN:
SF:/Users/cam/lighthouse/scheduler-mini-project/scheduler/src/components/Application.js
FN:16,Application
FN:27,(anonymous_1)
FNF:2
FNH:2
FNDA:4,Application
FNDA:4,(anonymous_1)
DA:22,4
DA:24,4
DA:26,4
DA:28,4
DA:41,4
LF:5
LH:5
BRF:0
BRH:0
end_of_record
TN:
SF:/Users/cam/lighthouse/scheduler-mini-project/scheduler/src/components/Button.js
FN:7,Button
FNF:1
FNH:1
FNDA:11,Button
DA:8,11
DA:13,11
LF:2
LH:2
BRF:0
BRH:0
end_of_record
TN:
SF:/Users/cam/lighthouse/scheduler-mini-project/scheduler/src/components/DayList.js
FN:5,DayList
FN:6,(anonymous_1)
FNF:2
FNH:2
FNDA:4,DayList
FNDA:4,(anonymous_1)
DA:6,4
DA:7,4
DA:18,4
LF:3
LH:3
BRF:0
BRH:0
end_of_record
TN:
SF:/Users/cam/lighthouse/scheduler-mini-project/scheduler/src/components/DayListItem.js
FN:6,formatSpots
FN:13,DayListItem
FN:22,(anonymous_2)
FNF:3
FNH:2
FNDA:4,formatSpots
FNDA:4,DayListItem
FNDA:0,(anonymous_2)
DA:7,4
DA:8,4
DA:10,0
DA:14,4
DA:19,4
DA:22,0
LF:6
LH:4
BRDA:7,0,0,0
BRDA:7,0,1,4
BRDA:8,1,0,4
BRDA:8,1,1,0
BRF:4
BRH:2
end_of_record
TN:
SF:/Users/cam/lighthouse/scheduler-mini-project/scheduler/src/components/InterviewerList.js
FN:8,InterviewerList
FN:9,(anonymous_1)
FN:17,(anonymous_2)
FNF:3
FNH:2
FNDA:5,InterviewerList
FNDA:5,(anonymous_1)
FNDA:0,(anonymous_2)
DA:9,5
DA:10,5
DA:17,0
DA:22,5
DA:30,3
LF:5
LH:4
BRF:0
BRH:0
end_of_record
TN:
SF:/Users/cam/lighthouse/scheduler-mini-project/scheduler/src/components/InterviewerListItem.js
FN:6,InterviewerItem
FNF:1
FNH:1
FNDA:5,InterviewerItem
DA:7,5
DA:11,5
LF:2
LH:2
BRDA:18,0,0,5
BRDA:18,0,1,1
BRF:2
BRH:2
end_of_record
TN:
SF:/Users/cam/lighthouse/scheduler-mini-project/scheduler/src/components/Appointment/Confirm.js
FN:5,Confirm
FNF:1
FNH:0
FNDA:0,Confirm
DA:6,0
LF:1
LH:0
BRF:0
BRH:0
end_of_record
TN:
SF:/Users/cam/lighthouse/scheduler-mini-project/scheduler/src/components/Appointment/Empty.js
FN:3,Empty
FNF:1
FNH:1
FNDA:6,Empty
DA:4,6
LF:1
LH:1
BRF:0
BRH:0
end_of_record
TN:
SF:/Users/cam/lighthouse/scheduler-mini-project/scheduler/src/components/Appointment/Error.js
FN:3,Error
FNF:1
FNH:0
FNDA:0,Error
DA:4,0
LF:1
LH:0
BRF:0
BRH:0
end_of_record
TN:
SF:/Users/cam/lighthouse/scheduler-mini-project/scheduler/src/components/Appointment/Form.js
FN:6,Form
FN:11,reset
FN:17,cancel
FN:22,validate
FN:39,(anonymous_4)
FN:46,(anonymous_5)
FNF:6
FNH:2
FNDA:5,Form
FNDA:0,reset
FNDA:0,cancel
FNDA:3,validate
FNDA:0,(anonymous_4)
FNDA:0,(anonymous_5)
DA:7,5
DA:8,5
DA:9,5
DA:12,0
DA:13,0
DA:14,0
DA:18,0
DA:19,0
DA:23,3
DA:24,1
DA:25,1
DA:27,2
DA:28,1
DA:29,1
DA:32,1
DA:33,1
DA:36,5
DA:39,0
DA:47,0
LF:19
LH:12
BRDA:7,0,0,5
BRDA:7,0,1,2
BRDA:8,1,0,5
BRDA:8,1,1,4
BRDA:23,2,0,1
BRDA:23,2,1,2
BRDA:27,3,0,1
BRDA:27,3,1,1
BRF:8
BRH:8
end_of_record
TN:
SF:/Users/cam/lighthouse/scheduler-mini-project/scheduler/src/components/Appointment/Header.js
FN:3,Header
FNF:1
FNH:1
FNDA:8,Header
DA:4,8
LF:1
LH:1
BRF:0
BRH:0
end_of_record
TN:
SF:/Users/cam/lighthouse/scheduler-mini-project/scheduler/src/components/Appointment/Show.js
FN:3,Show
FNF:1
FNH:1
FNDA:2,Show
DA:4,2
LF:1
LH:1
BRDA:11,0,0,2
BRDA:11,0,1,2
BRF:2
BRH:2
end_of_record
TN:
SF:/Users/cam/lighthouse/scheduler-mini-project/scheduler/src/components/Appointment/Status.js
FN:3,Status
FNF:1
FNH:0
FNDA:0,Status
DA:4,0
LF:1
LH:0
BRF:0
BRH:0
end_of_record
TN:
SF:/Users/cam/lighthouse/scheduler-mini-project/scheduler/src/components/Appointment/index.js
FN:16,Appointment
FN:31,save
FN:41,(anonymous_2)
FN:42,(anonymous_3)
FN:45,destroy
FN:49,(anonymous_5)
FN:50,(anonymous_6)
FN:60,(anonymous_7)
FN:61,(anonymous_8)
FN:64,(anonymous_9)
FNF:10
FNH:1
FNDA:8,Appointment
FNDA:0,save
FNDA:0,(anonymous_2)
FNDA:0,(anonymous_3)
FNDA:0,destroy
FNDA:0,(anonymous_5)
FNDA:0,(anonymous_6)
FNDA:0,(anonymous_7)
FNDA:0,(anonymous_8)
FNDA:0,(anonymous_9)
DA:17,8
DA:18,8
DA:19,8
DA:20,8
DA:21,8
DA:22,8
DA:23,8
DA:24,8
DA:25,8
DA:27,8
DA:32,0
DA:37,0
DA:39,0
DA:41,0
DA:42,0
DA:46,0
DA:47,0
DA:49,0
DA:50,0
DA:53,8
DA:60,0
DA:61,0
DA:64,0
LF:23
LH:11
BRDA:28,0,0,2
BRDA:28,0,1,6
BRDA:56,1,0,8
BRDA:56,1,1,2
BRDA:64,2,0,8
BRDA:64,2,1,6
BRDA:65,3,0,8
BRDA:65,3,1,0
BRDA:68,4,0,8
BRDA:68,4,1,0
BRDA:77,5,0,8
BRDA:77,5,1,0
BRDA:78,6,0,8
BRDA:78,6,1,0
BRDA:79,7,0,8
BRDA:79,7,1,0
BRDA:86,8,0,8
BRDA:86,8,1,0
BRDA:89,9,0,8
BRDA:89,9,1,0
BRF:20
BRH:13
end_of_record
TN:
SF:/Users/cam/lighthouse/scheduler-mini-project/scheduler/src/helpers/selectors.js
FN:1,getAppointmentsForDay
FN:2,(anonymous_1)
FN:6,(anonymous_2)
FN:9,getInterviewersForDay
FN:10,(anonymous_4)
FN:14,(anonymous_5)
FN:17,getInterview
FNF:7
FNH:7
FNDA:9,getAppointmentsForDay
FNDA:8,(anonymous_1)
FNDA:12,(anonymous_2)
FNDA:9,getInterviewersForDay
FNDA:8,(anonymous_4)
FNDA:10,(anonymous_5)
FNDA:6,getInterview
DA:2,9
DA:4,9
DA:6,12
DA:10,9
DA:12,9
DA:14,10
DA:18,6
LF:7
LH:7
BRDA:4,0,0,4
BRDA:4,0,1,5
BRDA:4,1,0,9
BRDA:4,1,1,6
BRDA:12,2,0,4
BRDA:12,2,1,5
BRDA:12,3,0,9
BRDA:12,3,1,6
BRDA:19,4,0,6
BRDA:19,4,1,3
BRF:10
BRH:10
end_of_record
TN:
SF:/Users/cam/lighthouse/scheduler-mini-project/scheduler/src/hooks/useApplicationData.js
FN:13,useApplicationData
FN:21,(anonymous_1)
FN:23,(anonymous_2)
FN:29,(anonymous_3)
FN:41,bookInterview
FN:42,(anonymous_5)
FN:51,cancelInterview
FN:52,(anonymous_7)
FNF:8
FNH:3
FNDA:4,useApplicationData
FNDA:0,(anonymous_1)
FNDA:2,(anonymous_2)
FNDA:2,(anonymous_3)
FNDA:0,bookInterview
FNDA:0,(anonymous_5)
FNDA:0,cancelInterview
FNDA:0,(anonymous_7)
DA:14,4
DA:21,4
DA:23,4
DA:24,2
DA:30,2
DA:39,4
DA:42,0
DA:43,0
DA:52,0
DA:53,0
DA:61,4
LF:11
LH:7
BRF:0
BRH:0
end_of_record
TN:
SF:/Users/cam/lighthouse/scheduler-mini-project/scheduler/src/hooks/useRealtimeUpdate.js
FN:4,useRealtimeUpdate
FN:5,(anonymous_1)
FN:8,(anonymous_2)
FN:16,(anonymous_3)
FNF:4
FNH:3
FNDA:4,useRealtimeUpdate
FNDA:2,(anonymous_1)
FNDA:0,(anonymous_2)
FNDA:2,(anonymous_3)
DA:5,4
DA:6,2
DA:8,2
DA:9,0
DA:11,0
DA:12,0
DA:16,2
DA:17,2
LF:8
LH:5
BRDA:11,0,0,0
BRDA:11,0,1,0
BRDA:11,1,0,0
BRDA:11,1,1,0
BRF:4
BRH:0
end_of_record
TN:
SF:/Users/cam/lighthouse/scheduler-mini-project/scheduler/src/hooks/useVisualMode.js
FN:3,useVisualMode
FN:7,transition
FN:9,(anonymous_2)
FN:16,back
FN:17,(anonymous_4)
FNF:5
FNH:5
FNDA:24,useVisualMode
FNDA:5,transition
FNDA:5,(anonymous_2)
FNDA:4,back
FNDA:4,(anonymous_4)
DA:4,24
DA:5,24
DA:8,5
DA:9,5
DA:10,5
DA:11,1
DA:12,4
DA:17,4
DA:18,4
DA:19,3
DA:20,3
DA:21,3
DA:23,1
DA:27,24
LF:14
LH:14
BRDA:7,0,0,4
BRDA:10,1,0,1
BRDA:10,1,1,4
BRDA:18,2,0,3
BRDA:18,2,1,1
BRF:5
BRH:5
end_of_record
TN:
SF:/Users/cam/lighthouse/scheduler-mini-project/scheduler/src/reducers/application.js
FN:5,reducer
FN:27,(anonymous_1)
FN:30,(anonymous_2)
FN:34,(anonymous_3)
FNF:4
FNH:1
FNDA:3,reducer
FNDA:0,(anonymous_1)
FNDA:0,(anonymous_2)
FNDA:0,(anonymous_3)
DA:1,3
DA:2,3
DA:3,3
DA:6,3
DA:8,0
DA:10,2
DA:17,0
DA:22,0
DA:27,0
DA:28,0
DA:30,0
DA:34,0
DA:35,0
DA:43,0
DA:50,1
LF:15
LH:6
BRDA:6,0,0,0
BRDA:6,0,1,2
BRDA:6,0,2,0
BRDA:6,0,3,1
BRDA:19,1,0,0
BRDA:19,1,1,0
BRDA:30,2,0,0
BRDA:30,2,1,0
BRDA:35,3,0,0
BRDA:35,3,1,0
BRF:10
BRH:2
end_of_record
