TN:
SF:/Users/cam/lighthouse/scheduler-mini-project/scheduler/src/components/Application.js
FN:16,Application
FN:27,(anonymous_1)
FNF:2
FNH:2
FNDA:18,Application
FNDA:20,(anonymous_1)
DA:22,18
DA:24,18
DA:26,18
DA:28,20
DA:41,18
LF:5
LH:5
BRF:0
BRH:0
end_of_record
TN:
SF:/Users/cam/lighthouse/scheduler-mini-project/scheduler/src/components/Button.js
FN:7,Button
FNF:1
FNH:1
FNDA:37,Button
DA:8,37
DA:13,37
LF:2
LH:2
BRF:0
BRH:0
end_of_record
TN:
SF:/Users/cam/lighthouse/scheduler-mini-project/scheduler/src/components/DayList.js
FN:5,DayList
FN:6,(anonymous_1)
FNF:2
FNH:2
FNDA:18,DayList
FNDA:20,(anonymous_1)
DA:6,18
DA:7,20
DA:18,18
LF:3
LH:3
BRF:0
BRH:0
end_of_record
TN:
SF:/Users/cam/lighthouse/scheduler-mini-project/scheduler/src/components/DayListItem.js
FN:6,formatSpots
FN:13,DayListItem
FN:22,(anonymous_2)
FNF:3
FNH:3
FNDA:20,formatSpots
FNDA:20,DayListItem
FNDA:1,(anonymous_2)
DA:7,20
DA:8,19
DA:10,1
DA:14,20
DA:19,20
DA:22,1
LF:6
LH:6
BRDA:7,0,0,1
BRDA:7,0,1,19
BRDA:8,1,0,18
BRDA:8,1,1,1
BRF:4
BRH:4
end_of_record
TN:
SF:/Users/cam/lighthouse/scheduler-mini-project/scheduler/src/components/InterviewerList.js
FN:8,InterviewerList
FN:9,(anonymous_1)
FN:17,(anonymous_2)
FNF:3
FNH:3
FNDA:17,InterviewerList
FNDA:22,(anonymous_1)
FNDA:1,(anonymous_2)
DA:9,17
DA:10,22
DA:17,1
DA:22,17
DA:30,3
LF:5
LH:5
BRF:0
BRH:0
end_of_record
TN:
SF:/Users/cam/lighthouse/scheduler-mini-project/scheduler/src/components/InterviewerListItem.js
FN:6,InterviewerItem
FNF:1
FNH:1
FNDA:22,InterviewerItem
DA:7,22
DA:11,22
LF:2
LH:2
BRDA:18,0,0,22
BRDA:18,0,1,7
BRF:2
BRH:2
end_of_record
TN:
SF:/Users/cam/lighthouse/scheduler-mini-project/scheduler/src/components/Appointment/Confirm.js
FN:5,Confirm
FNF:1
FNH:1
FNDA:1,Confirm
DA:6,1
LF:1
LH:1
BRF:0
BRH:0
end_of_record
TN:
SF:/Users/cam/lighthouse/scheduler-mini-project/scheduler/src/components/Appointment/Empty.js
FN:3,Empty
FNF:1
FNH:1
FNDA:28,Empty
DA:4,28
LF:1
LH:1
BRF:0
BRH:0
end_of_record
TN:
SF:/Users/cam/lighthouse/scheduler-mini-project/scheduler/src/components/Appointment/Error.js
FN:3,Error
FNF:1
FNH:0
FNDA:0,Error
DA:4,0
LF:1
LH:0
BRF:0
BRH:0
end_of_record
TN:
SF:/Users/cam/lighthouse/scheduler-mini-project/scheduler/src/components/Appointment/Form.js
FN:6,Form
FN:11,reset
FN:17,cancel
FN:22,validate
FN:39,(anonymous_4)
FN:46,(anonymous_5)
FNF:6
FNH:5
FNDA:17,Form
FNDA:1,reset
FNDA:1,cancel
FNDA:7,validate
FNDA:0,(anonymous_4)
FNDA:4,(anonymous_5)
DA:7,17
DA:8,17
DA:9,17
DA:12,1
DA:13,1
DA:14,1
DA:18,1
DA:19,1
DA:23,7
DA:24,2
DA:25,2
DA:27,5
DA:28,2
DA:29,2
DA:32,3
DA:33,3
DA:36,17
DA:39,0
DA:47,4
LF:19
LH:18
BRDA:7,0,0,17
BRDA:7,0,1,9
BRDA:8,1,0,17
BRDA:8,1,1,11
BRDA:23,2,0,2
BRDA:23,2,1,5
BRDA:27,3,0,2
BRDA:27,3,1,3
BRF:8
BRH:8
end_of_record
TN:
SF:/Users/cam/lighthouse/scheduler-mini-project/scheduler/src/components/Appointment/Header.js
FN:3,Header
FNF:1
FNH:1
FNDA:50,Header
DA:4,50
LF:1
LH:1
BRF:0
BRH:0
end_of_record
TN:
SF:/Users/cam/lighthouse/scheduler-mini-project/scheduler/src/components/Appointment/Show.js
FN:3,Show
FNF:1
FNH:1
FNDA:10,Show
DA:4,10
LF:1
LH:1
BRDA:11,0,0,10
BRDA:11,0,1,10
BRF:2
BRH:2
end_of_record
TN:
SF:/Users/cam/lighthouse/scheduler-mini-project/scheduler/src/components/Appointment/Status.js
FN:3,Status
FNF:1
FNH:1
FNDA:9,Status
DA:4,9
LF:1
LH:1
BRF:0
BRH:0
end_of_record
TN:
SF:/Users/cam/lighthouse/scheduler-mini-project/scheduler/src/components/Appointment/index.js
FN:16,Appointment
FN:31,save
FN:41,(anonymous_2)
FN:42,(anonymous_3)
FN:45,destroy
FN:49,(anonymous_5)
FN:50,(anonymous_6)
FN:60,(anonymous_7)
FN:61,(anonymous_8)
FN:64,(anonymous_9)
FNF:10
FNH:8
FNDA:50,Appointment
FNDA:2,save
FNDA:2,(anonymous_2)
FNDA:0,(anonymous_3)
FNDA:1,destroy
FNDA:1,(anonymous_5)
FNDA:0,(anonymous_6)
FNDA:1,(anonymous_7)
FNDA:1,(anonymous_8)
FNDA:1,(anonymous_9)
DA:17,50
DA:18,50
DA:19,50
DA:20,50
DA:21,50
DA:22,50
DA:23,50
DA:24,50
DA:25,50
DA:27,50
DA:32,2
DA:37,2
DA:39,2
DA:41,2
DA:42,0
DA:46,1
DA:47,1
DA:49,1
DA:50,0
DA:53,50
DA:60,1
DA:61,1
DA:64,1
LF:23
LH:21
BRDA:28,0,0,18
BRDA:28,0,1,32
BRDA:56,1,0,50
BRDA:56,1,1,10
BRDA:64,2,0,50
BRDA:64,2,1,28
BRDA:65,3,0,50
BRDA:65,3,1,1
BRDA:68,4,0,50
BRDA:68,4,1,1
BRDA:77,5,0,50
BRDA:77,5,1,6
BRDA:78,6,0,50
BRDA:78,6,1,3
BRDA:79,7,0,50
BRDA:79,7,1,1
BRDA:86,8,0,50
BRDA:86,8,1,0
BRDA:89,9,0,50
BRDA:89,9,1,0
BRF:20
BRH:18
end_of_record
TN:
SF:/Users/cam/lighthouse/scheduler-mini-project/scheduler/src/helpers/selectors.js
FN:1,getAppointmentsForDay
FN:2,(anonymous_1)
FN:6,(anonymous_2)
FN:9,getInterviewersForDay
FN:10,(anonymous_4)
FN:14,(anonymous_5)
FN:17,getInterview
FNF:7
FNH:7
FNDA:23,getAppointmentsForDay
FNDA:17,(anonymous_1)
FNDA:28,(anonymous_2)
FNDA:23,getInterviewersForDay
FNDA:17,(anonymous_4)
FNDA:26,(anonymous_5)
FNDA:22,getInterview
DA:2,23
DA:4,23
DA:6,28
DA:10,23
DA:12,23
DA:14,26
DA:18,22
LF:7
LH:7
BRDA:4,0,0,10
BRDA:4,0,1,13
BRDA:4,1,0,23
BRDA:4,1,1,14
BRDA:12,2,0,10
BRDA:12,2,1,13
BRDA:12,3,0,23
BRDA:12,3,1,14
BRDA:19,4,0,22
BRDA:19,4,1,11
BRF:10
BRH:10
end_of_record
TN:
SF:/Users/cam/lighthouse/scheduler-mini-project/scheduler/src/hooks/useApplicationData.js
FN:13,useApplicationData
FN:21,(anonymous_1)
FN:23,(anonymous_2)
FN:29,(anonymous_3)
FN:41,bookInterview
FN:42,(anonymous_5)
FN:51,cancelInterview
FN:52,(anonymous_7)
FNF:8
FNH:8
FNDA:18,useApplicationData
FNDA:1,(anonymous_1)
FNDA:8,(anonymous_2)
FNDA:8,(anonymous_3)
FNDA:2,bookInterview
FNDA:2,(anonymous_5)
FNDA:1,cancelInterview
FNDA:1,(anonymous_7)
DA:14,18
DA:21,18
DA:23,18
DA:24,8
DA:30,8
DA:39,18
DA:42,2
DA:43,2
DA:52,1
DA:53,1
DA:61,18
LF:11
LH:11
BRF:0
BRH:0
end_of_record
TN:
SF:/Users/cam/lighthouse/scheduler-mini-project/scheduler/src/hooks/useRealtimeUpdate.js
FN:4,useRealtimeUpdate
FN:5,(anonymous_1)
FN:8,(anonymous_2)
FN:16,(anonymous_3)
FNF:4
FNH:3
FNDA:18,useRealtimeUpdate
FNDA:8,(anonymous_1)
FNDA:0,(anonymous_2)
FNDA:8,(anonymous_3)
DA:5,18
DA:6,8
DA:8,8
DA:9,0
DA:11,0
DA:12,0
DA:16,8
DA:17,8
LF:8
LH:5
BRDA:11,0,0,0
BRDA:11,0,1,0
BRDA:11,1,0,0
BRDA:11,1,1,0
BRF:4
BRH:0
end_of_record
TN:
SF:/Users/cam/lighthouse/scheduler-mini-project/scheduler/src/hooks/useVisualMode.js
FN:3,useVisualMode
FN:7,transition
FN:9,(anonymous_2)
FN:16,back
FN:17,(anonymous_4)
FNF:5
FNH:5
FNDA:66,useVisualMode
FNDA:14,transition
FNDA:14,(anonymous_2)
FNDA:4,back
FNDA:4,(anonymous_4)
DA:4,66
DA:5,66
DA:8,14
DA:9,14
DA:10,14
DA:11,2
DA:12,12
DA:17,4
DA:18,4
DA:19,3
DA:20,3
DA:21,3
DA:23,1
DA:27,66
LF:14
LH:14
BRDA:7,0,0,12
BRDA:10,1,0,2
BRDA:10,1,1,12
BRDA:18,2,0,3
BRDA:18,2,1,1
BRF:5
BRH:5
end_of_record
TN:
SF:/Users/cam/lighthouse/scheduler-mini-project/scheduler/src/reducers/application.js
FN:5,reducer
FN:27,(anonymous_1)
FN:30,(anonymous_2)
FN:34,(anonymous_3)
FNF:4
FNH:4
FNDA:13,reducer
FNDA:3,(anonymous_1)
FNDA:6,(anonymous_2)
FNDA:6,(anonymous_3)
DA:1,3
DA:2,3
DA:3,3
DA:6,13
DA:8,1
DA:10,8
DA:17,3
DA:22,3
DA:27,3
DA:28,3
DA:30,6
DA:34,3
DA:35,6
DA:43,3
DA:50,1
LF:15
LH:15
BRDA:6,0,0,1
BRDA:6,0,1,8
BRDA:6,0,2,3
BRDA:6,0,3,1
BRDA:19,1,0,3
BRDA:19,1,1,2
BRDA:30,2,0,3
BRDA:30,2,1,3
BRDA:35,3,0,3
BRDA:35,3,1,3
BRF:10
BRH:10
end_of_record
